{"level":"\u001b[32minfo\u001b[39m","message":"{\"method\":\"GET\",\"url\":\"/api/get-properties?\",\"status\":\"400\",\"responseTime\":\"3.458\"}","timestamp":"2025-01-19T12:09:58.364Z"}
{"level":"\u001b[32minfo\u001b[39m","message":"{\"method\":\"GET\",\"url\":\"/api/get-properties?query=ooty\",\"status\":\"200\",\"responseTime\":\"3116.067\"}","timestamp":"2025-01-19T12:10:17.237Z"}
{"level":"\u001b[32minfo\u001b[39m","message":"{\"method\":\"GET\",\"url\":\"/api/get-properties\",\"status\":\"500\",\"responseTime\":\"830.216\"}","timestamp":"2025-01-19T12:13:06.278Z"}
{"level":"\u001b[32minfo\u001b[39m","message":"{\"method\":\"GET\",\"url\":\"/api/get-properties\",\"status\":\"200\",\"responseTime\":\"806.048\"}","timestamp":"2025-01-19T12:14:04.254Z"}
{"level":"\u001b[32minfo\u001b[39m","message":"{\"method\":\"GET\",\"url\":\"/api/get-properties\",\"status\":\"200\",\"responseTime\":\"1831.238\"}","timestamp":"2025-01-19T12:16:16.198Z"}
{"level":"\u001b[32minfo\u001b[39m","message":"{\"method\":\"GET\",\"url\":\"/api/get-properties\",\"status\":\"400\",\"responseTime\":\"4.335\"}","timestamp":"2025-01-19T12:21:22.407Z"}
{"level":"\u001b[32minfo\u001b[39m","message":"{\"method\":\"GET\",\"url\":\"/api/get-properties?query=ooty\",\"status\":\"200\",\"responseTime\":\"1011.333\"}","timestamp":"2025-01-19T12:21:32.959Z"}
{"level":"\u001b[32minfo\u001b[39m","message":"{\"method\":\"GET\",\"url\":\"/api/get-properties?query=ooty\",\"status\":\"200\",\"responseTime\":\"2020.246\"}","timestamp":"2025-01-19T12:22:58.982Z"}
{"level":"\u001b[32minfo\u001b[39m","message":"{\"method\":\"GET\",\"url\":\"/api/get-properties?query=ooty\",\"status\":\"200\",\"responseTime\":\"1059.393\"}","timestamp":"2025-01-19T12:25:06.182Z"}
{"level":"\u001b[32minfo\u001b[39m","message":"{\"method\":\"GET\",\"url\":\"/api/get-properties?query=ooty\",\"status\":\"200\",\"responseTime\":\"939.294\"}","timestamp":"2025-01-19T12:25:29.191Z"}
{"level":"\u001b[32minfo\u001b[39m","message":"{\"method\":\"GET\",\"url\":\"/api/get-properties?query=ooty\",\"status\":\"200\",\"responseTime\":\"961.070\"}","timestamp":"2025-01-19T12:26:35.908Z"}
{"level":"\u001b[32minfo\u001b[39m","message":"{\"method\":\"GET\",\"url\":\"/api/get-properties?query=ooty\",\"status\":\"200\",\"responseTime\":\"4937.663\"}","timestamp":"2025-01-19T12:27:21.326Z"}
{"level":"\u001b[32minfo\u001b[39m","message":"{\"method\":\"GET\",\"url\":\"/api/get-properties?query=ooty\",\"status\":\"200\",\"responseTime\":\"1060.897\"}","timestamp":"2025-01-19T14:12:53.291Z"}
{"level":"\u001b[32minfo\u001b[39m","message":"{\"method\":\"GET\",\"url\":\"/api/get-properties?query=ooty\",\"status\":\"200\",\"responseTime\":\"1018.812\"}","timestamp":"2025-01-19T14:15:04.930Z"}
{"level":"\u001b[32minfo\u001b[39m","message":"{\"method\":\"GET\",\"url\":\"/api/get-properties?query=ooty\",\"status\":\"200\",\"responseTime\":\"1108.287\"}","timestamp":"2025-01-19T14:15:32.672Z"}
{"level":"\u001b[32minfo\u001b[39m","message":"{\"method\":\"GET\",\"url\":\"/api/get-properties?query=ooty\",\"status\":\"200\",\"responseTime\":\"1533.416\"}","timestamp":"2025-01-19T16:06:53.573Z"}
{"level":"\u001b[32minfo\u001b[39m","message":"{\"method\":\"GET\",\"url\":\"/api/get-properties?query=ooty\",\"status\":\"400\",\"responseTime\":\"3.408\"}","timestamp":"2025-01-19T16:09:42.491Z"}
{"level":"\u001b[32minfo\u001b[39m","message":"{\"method\":\"GET\",\"url\":\"/api/get-properties?query=ooty&arrival_date=2025-01-22&departure_date=2025-01-23\",\"status\":\"404\",\"responseTime\":\"2956.933\"}","timestamp":"2025-01-19T16:10:56.069Z"}
{"level":"\u001b[32minfo\u001b[39m","message":"{\"method\":\"GET\",\"url\":\"/api/get-properties?query=ooty&arrival_date=2025-01-22&departure_date=2025-01-23\",\"status\":\"404\",\"responseTime\":\"1070.725\"}","timestamp":"2025-01-19T16:20:42.311Z"}
{"level":"\u001b[32minfo\u001b[39m","message":"{\"method\":\"GET\",\"url\":\"/api/get-properties?query=ooty&arrival_date=2025-01-22&departure_date=2025-01-23\",\"status\":\"404\",\"responseTime\":\"1056.800\"}","timestamp":"2025-01-19T16:21:22.452Z"}
{"level":"\u001b[32minfo\u001b[39m","message":"{\"method\":\"GET\",\"url\":\"/api/get-properties?query=ooty&arrival_date=2025-01-22&departure_date=2025-01-23\",\"status\":\"200\",\"responseTime\":\"4727.147\"}","timestamp":"2025-01-19T16:23:32.372Z"}
{"level":"\u001b[32minfo\u001b[39m","message":"{\"method\":\"GET\",\"url\":\"/api/get-properties?query=ooty&arrival_date=2025-01-22&departure_date=2025-01-23\",\"status\":\"200\",\"responseTime\":\"4568.991\"}","timestamp":"2025-01-20T04:01:12.352Z"}
{"level":"\u001b[32minfo\u001b[39m","message":"{\"method\":\"GET\",\"url\":\"/api/get-properties?query=kozhikode&arrival_date=2025-01-22&departure_date=2025-01-23\",\"status\":\"200\",\"responseTime\":\"2499.447\"}","timestamp":"2025-01-20T04:02:52.124Z"}
{"level":"\u001b[32minfo\u001b[39m","message":"{\"method\":\"GET\",\"url\":\"/api/get-properties?query=manjeri&arrival_date=2025-01-22&departure_date=2025-01-23\",\"status\":\"200\",\"responseTime\":\"2368.032\"}","timestamp":"2025-01-20T04:04:31.263Z"}
{"level":"\u001b[32minfo\u001b[39m","message":"{\"method\":\"GET\",\"url\":\"/api/get-properties?query=kavanur&arrival_date=2025-01-22&departure_date=2025-01-23\",\"status\":\"200\",\"responseTime\":\"2213.313\"}","timestamp":"2025-01-20T04:05:22.597Z"}
{"level":"\u001b[32minfo\u001b[39m","message":"{\"method\":\"POST\",\"url\":\"/api/userView\",\"status\":\"404\",\"responseTime\":\"10.578\"}","timestamp":"2025-01-20T07:01:46.785Z"}
{"level":"\u001b[32minfo\u001b[39m","message":"{\"method\":\"POST\",\"url\":\"/api/user\",\"status\":\"200\",\"responseTime\":\"293.513\"}","timestamp":"2025-01-20T07:02:03.121Z"}
{"level":"\u001b[32minfo\u001b[39m","message":"{\"method\":\"POST\",\"url\":\"/api/user\",\"status\":\"400\",\"responseTime\":\"1.386\"}","timestamp":"2025-01-20T07:02:15.595Z"}
{"level":"\u001b[32minfo\u001b[39m","message":"{\"method\":\"POST\",\"url\":\"/api/user\",\"status\":\"400\",\"responseTime\":\"1.446\"}","timestamp":"2025-01-20T07:02:31.804Z"}
{"level":"\u001b[32minfo\u001b[39m","message":"{\"method\":\"POST\",\"url\":\"/api/user\",\"status\":\"200\",\"responseTime\":\"225.871\"}","timestamp":"2025-01-20T07:07:33.763Z"}
{"level":"\u001b[32minfo\u001b[39m","message":"{\"method\":\"POST\",\"url\":\"/api/user\",\"status\":\"400\",\"responseTime\":\"5.023\"}","timestamp":"2025-01-20T07:10:42.782Z"}
{"level":"\u001b[32minfo\u001b[39m","message":"{\"method\":\"POST\",\"url\":\"/api/user\",\"status\":\"400\",\"responseTime\":\"61.240\"}","timestamp":"2025-01-20T07:10:48.086Z"}
{"level":"\u001b[32minfo\u001b[39m","message":"{\"method\":\"GET\",\"url\":\"/api/user-login\",\"status\":\"404\",\"responseTime\":\"4.794\"}","timestamp":"2025-01-20T07:24:46.900Z"}
{"level":"\u001b[32minfo\u001b[39m","message":"{\"method\":\"POST\",\"url\":\"/api/user-login\",\"status\":\"404\",\"responseTime\":\"0.666\"}","timestamp":"2025-01-20T07:24:53.987Z"}
{"level":"\u001b[32minfo\u001b[39m","message":"{\"method\":\"POST\",\"url\":\"/api/user\",\"status\":\"200\",\"responseTime\":\"193.858\"}","timestamp":"2025-01-20T07:25:47.503Z"}
{"level":"\u001b[32minfo\u001b[39m","message":"{\"method\":\"POST\",\"url\":\"/api/user-login\",\"status\":\"404\",\"responseTime\":\"0.629\"}","timestamp":"2025-01-20T07:26:39.599Z"}
{"level":"\u001b[32minfo\u001b[39m","message":"{\"method\":\"POST\",\"url\":\"/api/user-login\",\"status\":\"404\",\"responseTime\":\"0.299\"}","timestamp":"2025-01-20T07:28:31.424Z"}
{"level":"\u001b[32minfo\u001b[39m","message":"{\"method\":\"POST\",\"url\":\"/api/user-login\",\"status\":\"404\",\"responseTime\":\"3.147\"}","timestamp":"2025-01-20T07:30:16.567Z"}
{"level":"\u001b[32minfo\u001b[39m","message":"{\"method\":\"POST\",\"url\":\"/api/user-login\",\"status\":\"200\",\"responseTime\":\"598.468\"}","timestamp":"2025-01-20T07:31:49.436Z"}
{"level":"\u001b[32minfo\u001b[39m","message":"{\"method\":\"GET\",\"url\":\"/api/logout\",\"status\":\"200\",\"responseTime\":\"7.071\"}","timestamp":"2025-01-20T09:59:59.271Z"}
{"level":"\u001b[32minfo\u001b[39m","message":"{\"method\":\"POST\",\"url\":\"/api/user-login\",\"status\":\"200\",\"responseTime\":\"138.465\"}","timestamp":"2025-01-20T10:00:07.973Z"}
{"level":"\u001b[32minfo\u001b[39m","message":"{\"method\":\"GET\",\"url\":\"/api/logout\",\"status\":\"200\",\"responseTime\":\"0.469\"}","timestamp":"2025-01-20T10:00:14.998Z"}
{"level":"\u001b[32minfo\u001b[39m","message":"{\"method\":\"POST\",\"url\":\"/api/testing\",\"status\":\"400\",\"responseTime\":\"10.877\"}","timestamp":"2025-01-21T07:02:20.661Z"}
{"level":"\u001b[32minfo\u001b[39m","message":"{\"method\":\"POST\",\"url\":\"/api/testing\",\"status\":\"400\",\"responseTime\":\"1.690\"}","timestamp":"2025-01-21T07:02:58.354Z"}
{"level":"\u001b[32minfo\u001b[39m","message":"{\"method\":\"POST\",\"url\":\"/api/testing\",\"status\":\"400\",\"responseTime\":\"12.966\"}","timestamp":"2025-01-21T07:06:07.909Z"}
{"level":"\u001b[32minfo\u001b[39m","message":"{\"method\":\"POST\",\"url\":\"/api/testing\",\"status\":\"400\",\"responseTime\":\"2.920\"}","timestamp":"2025-01-21T07:07:46.065Z"}
{"level":"\u001b[32minfo\u001b[39m","message":"{\"method\":\"POST\",\"url\":\"/api/testing\",\"status\":\"200\",\"responseTime\":\"1.108\"}","timestamp":"2025-01-21T07:07:59.005Z"}
{"level":"\u001b[32minfo\u001b[39m","message":"{\"method\":\"POST\",\"url\":\"/api/testing\",\"status\":\"400\",\"responseTime\":\"1.793\"}","timestamp":"2025-01-21T07:08:05.970Z"}
{"level":"\u001b[32minfo\u001b[39m","message":"{\"method\":\"POST\",\"url\":\"/api/testing\",\"status\":\"400\",\"responseTime\":\"1.092\"}","timestamp":"2025-01-21T07:08:12.261Z"}
{"level":"\u001b[32minfo\u001b[39m","message":"{\"method\":\"POST\",\"url\":\"/api/testing\",\"status\":\"200\",\"responseTime\":\"15.823\"}","timestamp":"2025-01-21T07:09:39.684Z"}
{"level":"\u001b[32minfo\u001b[39m","message":"{\"method\":\"POST\",\"url\":\"/api/testing\",\"status\":\"400\",\"responseTime\":\"28.863\"}","timestamp":"2025-01-21T07:10:27.908Z"}
{"level":"\u001b[32minfo\u001b[39m","message":"{\"method\":\"POST\",\"url\":\"/api/testing\",\"status\":\"400\",\"responseTime\":\"3.546\"}","timestamp":"2025-01-21T07:20:05.511Z"}
{"level":"\u001b[32minfo\u001b[39m","message":"{\"method\":\"POST\",\"url\":\"/api/testing\",\"status\":\"200\",\"responseTime\":\"10.168\"}","timestamp":"2025-01-21T07:20:47.327Z"}
{"level":"\u001b[32minfo\u001b[39m","message":"{\"method\":\"POST\",\"url\":\"/api/testing\",\"status\":\"200\",\"responseTime\":\"12.059\"}","timestamp":"2025-01-21T07:21:06.883Z"}
{"level":"\u001b[32minfo\u001b[39m","message":"{\"method\":\"POST\",\"url\":\"/api/testing\",\"status\":\"200\",\"responseTime\":\"1.795\"}","timestamp":"2025-01-21T07:21:19.894Z"}
{"level":"\u001b[32minfo\u001b[39m","message":"{\"method\":\"POST\",\"url\":\"/api/testing\",\"status\":\"400\",\"responseTime\":\"25.595\"}","timestamp":"2025-01-21T07:25:51.378Z"}
{"level":"\u001b[32minfo\u001b[39m","message":"{\"method\":\"POST\",\"url\":\"/api/testing\",\"status\":\"400\",\"responseTime\":\"3.360\"}","timestamp":"2025-01-21T07:26:10.123Z"}
{"level":"\u001b[32minfo\u001b[39m","message":"{\"method\":\"POST\",\"url\":\"/api/testing\",\"status\":\"400\",\"responseTime\":\"2.098\"}","timestamp":"2025-01-21T07:26:20.591Z"}
{"level":"\u001b[32minfo\u001b[39m","message":"{\"method\":\"POST\",\"url\":\"/api/testing\",\"status\":\"400\",\"responseTime\":\"31.872\"}","timestamp":"2025-01-21T07:29:47.076Z"}
{"level":"\u001b[32minfo\u001b[39m","message":"{\"method\":\"POST\",\"url\":\"/api/testing\",\"status\":\"200\",\"responseTime\":\"1.794\"}","timestamp":"2025-01-21T07:29:52.311Z"}
{"level":"\u001b[32minfo\u001b[39m","message":"{\"method\":\"POST\",\"url\":\"/api/testing\",\"status\":\"400\",\"responseTime\":\"22.047\"}","timestamp":"2025-01-21T07:32:02.591Z"}
{"level":"\u001b[32minfo\u001b[39m","message":"{\"method\":\"POST\",\"url\":\"/api/testing\",\"status\":\"400\",\"responseTime\":\"3.101\"}","timestamp":"2025-01-21T07:32:11.950Z"}
{"level":"\u001b[32minfo\u001b[39m","message":"{\"method\":\"POST\",\"url\":\"/api/testing\",\"status\":\"400\",\"responseTime\":\"3.462\"}","timestamp":"2025-01-21T07:32:17.828Z"}
{"level":"\u001b[32minfo\u001b[39m","message":"{\"method\":\"POST\",\"url\":\"/api/testing\",\"status\":\"200\",\"responseTime\":\"1.510\"}","timestamp":"2025-01-21T07:32:22.600Z"}
{"level":"\u001b[32minfo\u001b[39m","message":"{\"method\":\"POST\",\"url\":\"/api/testing\",\"status\":\"400\",\"responseTime\":\"19.610\"}","timestamp":"2025-01-21T07:33:34.205Z"}
{"level":"\u001b[32minfo\u001b[39m","message":"{\"method\":\"POST\",\"url\":\"/api/testing\",\"status\":\"200\",\"responseTime\":\"13.459\"}","timestamp":"2025-01-21T07:34:44.577Z"}
{"level":"\u001b[32minfo\u001b[39m","message":"{\"method\":\"POST\",\"url\":\"/api/testing\",\"status\":\"200\",\"responseTime\":\"2.883\"}","timestamp":"2025-01-21T07:35:02.713Z"}
{"level":"\u001b[32minfo\u001b[39m","message":"{\"method\":\"POST\",\"url\":\"/api/testing\",\"status\":\"400\",\"responseTime\":\"8.211\"}","timestamp":"2025-01-21T07:37:46.316Z"}
{"level":"\u001b[32minfo\u001b[39m","message":"{\"method\":\"POST\",\"url\":\"/api/testing\",\"status\":\"400\",\"responseTime\":\"21.938\"}","timestamp":"2025-01-21T07:38:23.982Z"}
{"level":"\u001b[32minfo\u001b[39m","message":"{\"method\":\"POST\",\"url\":\"/api/testing\",\"status\":\"200\",\"responseTime\":\"2.904\"}","timestamp":"2025-01-21T07:38:41.371Z"}
{"level":"\u001b[32minfo\u001b[39m","message":"{\"method\":\"POST\",\"url\":\"/api/testing\",\"status\":\"400\",\"responseTime\":\"1.415\"}","timestamp":"2025-01-21T07:38:55.636Z"}
{"level":"\u001b[32minfo\u001b[39m","message":"{\"method\":\"POST\",\"url\":\"/api/testing\",\"status\":\"400\",\"responseTime\":\"14.097\"}","timestamp":"2025-01-21T07:40:35.699Z"}
{"level":"\u001b[32minfo\u001b[39m","message":"{\"method\":\"POST\",\"url\":\"/api/testing\",\"status\":\"200\",\"responseTime\":\"2.321\"}","timestamp":"2025-01-21T07:40:41.148Z"}
{"level":"\u001b[32minfo\u001b[39m","message":"{\"method\":\"OPTIONS\",\"url\":\"/api/user\",\"status\":\"204\",\"responseTime\":\"10.460\"}","timestamp":"2025-01-22T06:57:37.795Z"}
{"level":"\u001b[32minfo\u001b[39m","message":"{\"method\":\"POST\",\"url\":\"/api/user\",\"status\":\"500\",\"responseTime\":\"284.827\"}","timestamp":"2025-01-22T06:57:38.201Z"}
{"level":"\u001b[32minfo\u001b[39m","message":"{\"method\":\"OPTIONS\",\"url\":\"/api/user\",\"status\":\"204\",\"responseTime\":\"0.436\"}","timestamp":"2025-01-22T06:59:52.896Z"}
{"level":"\u001b[32minfo\u001b[39m","message":"{\"method\":\"POST\",\"url\":\"/api/user\",\"status\":\"200\",\"responseTime\":\"218.586\"}","timestamp":"2025-01-22T06:59:53.119Z"}
{"level":"\u001b[32minfo\u001b[39m","message":"{\"method\":\"OPTIONS\",\"url\":\"/api/user\",\"status\":\"204\",\"responseTime\":\"0.965\"}","timestamp":"2025-01-22T07:00:07.066Z"}
{"level":"\u001b[32minfo\u001b[39m","message":"{\"method\":\"POST\",\"url\":\"/api/user\",\"status\":\"400\",\"responseTime\":\"57.663\"}","timestamp":"2025-01-22T07:00:07.126Z"}
{"level":"\u001b[32minfo\u001b[39m","message":"{\"method\":\"OPTIONS\",\"url\":\"/api/user\",\"status\":\"204\",\"responseTime\":\"0.233\"}","timestamp":"2025-01-22T07:15:19.963Z"}
{"level":"\u001b[32minfo\u001b[39m","message":"{\"method\":\"POST\",\"url\":\"/api/user\",\"status\":\"400\",\"responseTime\":\"46.533\"}","timestamp":"2025-01-22T07:15:20.014Z"}
{"level":"\u001b[32minfo\u001b[39m","message":"{\"method\":\"OPTIONS\",\"url\":\"/api/user\",\"status\":\"204\",\"responseTime\":\"0.386\"}","timestamp":"2025-01-22T07:16:26.946Z"}
{"level":"\u001b[32minfo\u001b[39m","message":"{\"method\":\"POST\",\"url\":\"/api/user\",\"status\":\"400\",\"responseTime\":\"44.633\"}","timestamp":"2025-01-22T07:16:26.995Z"}
{"level":"\u001b[32minfo\u001b[39m","message":"{\"method\":\"OPTIONS\",\"url\":\"/api/user\",\"status\":\"204\",\"responseTime\":\"0.316\"}","timestamp":"2025-01-22T07:23:55.875Z"}
{"level":"\u001b[32minfo\u001b[39m","message":"{\"method\":\"POST\",\"url\":\"/api/user\",\"status\":\"400\",\"responseTime\":\"41.980\"}","timestamp":"2025-01-22T07:23:55.920Z"}
{"level":"\u001b[32minfo\u001b[39m","message":"{\"method\":\"GET\",\"url\":\"/api/get-properties?query=&arrival_date=2025-01-22&departure_date=2025-01-23\",\"status\":\"400\",\"responseTime\":\"6.683\"}","timestamp":"2025-02-16T06:14:34.213Z"}
{"level":"\u001b[32minfo\u001b[39m","message":"{\"method\":\"GET\",\"url\":\"/api/get-properties?query=&arrival_date=2025-02-22&departure_date=2025-02-23\",\"status\":\"400\",\"responseTime\":\"0.841\"}","timestamp":"2025-02-16T06:14:47.812Z"}
{"level":"\u001b[32minfo\u001b[39m","message":"{\"method\":\"GET\",\"url\":\"/api/get-properties?query=&arrival_date=2025-02-22&departure_date=2025-02-23\",\"status\":\"400\",\"responseTime\":\"5.930\"}","timestamp":"2025-02-16T06:15:02.932Z"}
{"level":"\u001b[32minfo\u001b[39m","message":"{\"method\":\"GET\",\"url\":\"/api/get-properties?query=&arrival_date=2025-02-22&departure_date=2025-02-23\",\"status\":\"400\",\"responseTime\":\"0.714\"}","timestamp":"2025-02-16T06:15:13.327Z"}
{"level":"\u001b[32minfo\u001b[39m","message":"{\"method\":\"GET\",\"url\":\"/api/get-properties?query=&arrival_date=2025-02-22&departure_date=2025-02-23\",\"status\":\"400\",\"responseTime\":\"0.531\"}","timestamp":"2025-02-16T06:15:28.819Z"}
{"level":"\u001b[32minfo\u001b[39m","message":"{\"method\":\"GET\",\"url\":\"/api/get-properties?query=ooty&arrival_date=2025-02-22&departure_date=2025-02-23\",\"status\":\"200\",\"responseTime\":\"2450.534\"}","timestamp":"2025-02-16T06:16:41.645Z"}
{"level":"\u001b[32minfo\u001b[39m","message":"{\"method\":\"GET\",\"url\":\"/api/get-properties?query=ooty&arrival_date=2025-02-22&departure_date=2025-02-23\",\"status\":\"200\",\"responseTime\":\"6466.574\"}","timestamp":"2025-02-16T06:17:55.103Z"}
{"level":"\u001b[32minfo\u001b[39m","message":"{\"method\":\"GET\",\"url\":\"/api/get-properties?query=ooty&arrival_date=2025-02-22&departure_date=2025-02-23&adults=4\",\"status\":\"200\",\"responseTime\":\"8374.032\"}","timestamp":"2025-02-16T06:19:06.873Z"}
{"level":"\u001b[32minfo\u001b[39m","message":"{\"method\":\"GET\",\"url\":\"/api/get-properties?query=ooty&arrival_date=2025-02-22&departure_date=2025-02-23&adults=4&children_age=15\",\"status\":\"200\",\"responseTime\":\"4406.593\"}","timestamp":"2025-02-16T06:20:34.237Z"}
{"level":"\u001b[32minfo\u001b[39m","message":"{\"method\":\"GET\",\"url\":\"/api/get-properties?query=ooty&arrival_date=2025-02-22&departure_date=2025-02-23&adults=4&children_ag=15\",\"status\":\"200\",\"responseTime\":\"2352.203\"}","timestamp":"2025-02-16T06:20:42.326Z"}
{"level":"\u001b[32minfo\u001b[39m","message":"{\"method\":\"GET\",\"url\":\"/api/get-properties?query=ooty&arrival_date=2025-02-22&departure_date=2025-02-23&adults=4&children_age=%2215%22\",\"status\":\"200\",\"responseTime\":\"4664.007\"}","timestamp":"2025-02-16T06:21:37.497Z"}
{"level":"\u001b[32minfo\u001b[39m","message":"{\"method\":\"GET\",\"url\":\"/api/get-properties?query=ooty&arrival_date=2025-02-22&departure_date=2025-02-23&adults=4&children_age=15\",\"status\":\"200\",\"responseTime\":\"2355.070\"}","timestamp":"2025-02-16T06:21:58.086Z"}
{"level":"\u001b[32minfo\u001b[39m","message":"{\"method\":\"GET\",\"url\":\"/api/get-properties?query=ooty&arrival_date=2025-02-22&departure_date=2025-02-23&adults=4&children_age=15&room_qty=2\",\"status\":\"200\",\"responseTime\":\"2166.919\"}","timestamp":"2025-02-16T06:22:13.336Z"}
{"level":"\u001b[32minfo\u001b[39m","message":"{\"method\":\"GET\",\"url\":\"/api/get-properties?query=ooty&arrival_date=2025-02-22&departure_date=2025-02-23&adults=4&children_age=15&room_qty=2\",\"status\":\"200\",\"responseTime\":\"2493.008\"}","timestamp":"2025-02-16T06:42:36.110Z"}
{"level":"\u001b[32minfo\u001b[39m","message":"{\"method\":\"OPTIONS\",\"url\":\"/api/user\",\"status\":\"204\",\"responseTime\":\"19.299\"}","timestamp":"2025-02-16T10:57:04.101Z"}
{"level":"\u001b[32minfo\u001b[39m","message":"{\"method\":\"POST\",\"url\":\"/api/user\",\"status\":\"200\",\"responseTime\":\"1245.222\"}","timestamp":"2025-02-16T10:57:05.527Z"}
{"level":"\u001b[32minfo\u001b[39m","message":"{\"method\":\"OPTIONS\",\"url\":\"/api/user\",\"status\":\"204\",\"responseTime\":\"3.314\"}","timestamp":"2025-02-16T10:58:47.730Z"}
{"level":"\u001b[32minfo\u001b[39m","message":"{\"method\":\"POST\",\"url\":\"/api/user\",\"status\":\"200\",\"responseTime\":\"974.507\"}","timestamp":"2025-02-16T10:58:48.729Z"}
{"level":"\u001b[32minfo\u001b[39m","message":"{\"method\":\"OPTIONS\",\"url\":\"/api/logout\",\"status\":\"204\",\"responseTime\":\"2.149\"}","timestamp":"2025-02-17T16:27:56.132Z"}
{"level":"\u001b[32minfo\u001b[39m","message":"{\"method\":\"POST\",\"url\":\"/api/logout\",\"status\":\"404\",\"responseTime\":\"3.675\"}","timestamp":"2025-02-17T16:27:56.198Z"}
{"level":"\u001b[32minfo\u001b[39m","message":"{\"method\":\"POST\",\"url\":\"/api/logout\",\"status\":\"404\",\"responseTime\":\"0.603\"}","timestamp":"2025-02-17T16:27:58.423Z"}
{"level":"\u001b[32minfo\u001b[39m","message":"{\"method\":\"GET\",\"url\":\"/api/logout\",\"status\":\"200\",\"responseTime\":\"6.921\"}","timestamp":"2025-02-17T16:28:37.486Z"}
{"level":"\u001b[32minfo\u001b[39m","message":"{\"method\":\"OPTIONS\",\"url\":\"/api/user-login\",\"status\":\"204\",\"responseTime\":\"0.467\"}","timestamp":"2025-02-17T16:28:45.353Z"}
{"level":"\u001b[32minfo\u001b[39m","message":"{\"method\":\"POST\",\"url\":\"/api/user-login\",\"status\":\"400\",\"responseTime\":\"159.668\"}","timestamp":"2025-02-17T16:28:45.516Z"}
{"level":"\u001b[32minfo\u001b[39m","message":"{\"method\":\"OPTIONS\",\"url\":\"/api/user-login\",\"status\":\"204\",\"responseTime\":\"0.236\"}","timestamp":"2025-02-17T16:28:56.857Z"}
{"level":"\u001b[32minfo\u001b[39m","message":"{\"method\":\"POST\",\"url\":\"/api/user-login\",\"status\":\"400\",\"responseTime\":\"40.107\"}","timestamp":"2025-02-17T16:28:56.900Z"}
{"level":"\u001b[32minfo\u001b[39m","message":"{\"method\":\"OPTIONS\",\"url\":\"/api/user-login\",\"status\":\"204\",\"responseTime\":\"0.381\"}","timestamp":"2025-02-17T16:29:05.623Z"}
{"level":"\u001b[32minfo\u001b[39m","message":"{\"method\":\"POST\",\"url\":\"/api/user-login\",\"status\":\"400\",\"responseTime\":\"39.441\"}","timestamp":"2025-02-17T16:29:05.677Z"}
{"level":"\u001b[32minfo\u001b[39m","message":"{\"method\":\"OPTIONS\",\"url\":\"/api/user-login\",\"status\":\"204\",\"responseTime\":\"0.322\"}","timestamp":"2025-02-17T16:29:23.522Z"}
{"level":"\u001b[32minfo\u001b[39m","message":"{\"method\":\"POST\",\"url\":\"/api/user-login\",\"status\":\"400\",\"responseTime\":\"115.226\"}","timestamp":"2025-02-17T16:29:23.640Z"}
{"level":"\u001b[32minfo\u001b[39m","message":"{\"method\":\"OPTIONS\",\"url\":\"/api/user\",\"status\":\"204\",\"responseTime\":\"0.390\"}","timestamp":"2025-02-17T16:29:40.783Z"}
{"level":"\u001b[32minfo\u001b[39m","message":"{\"method\":\"POST\",\"url\":\"/api/user\",\"status\":\"200\",\"responseTime\":\"201.102\"}","timestamp":"2025-02-17T16:29:40.986Z"}
{"level":"\u001b[32minfo\u001b[39m","message":"{\"method\":\"GET\",\"url\":\"/api/logout\",\"status\":\"304\",\"responseTime\":\"0.839\"}","timestamp":"2025-02-17T16:29:43.419Z"}
{"level":"\u001b[32minfo\u001b[39m","message":"{\"method\":\"OPTIONS\",\"url\":\"/api/user-login\",\"status\":\"204\",\"responseTime\":\"0.178\"}","timestamp":"2025-02-17T16:29:59.630Z"}
{"level":"\u001b[32minfo\u001b[39m","message":"{\"method\":\"POST\",\"url\":\"/api/user-login\",\"status\":\"200\",\"responseTime\":\"130.688\"}","timestamp":"2025-02-17T16:29:59.763Z"}
{"level":"\u001b[32minfo\u001b[39m","message":"{\"method\":\"GET\",\"url\":\"/api/get-properties?query=ooty&arrival_date=2025-02-19&departure_date=2025-02-20&adults=2&children_age=1&room_qty=1\",\"status\":\"200\",\"responseTime\":\"2635.754\"}","timestamp":"2025-02-17T17:22:53.870Z"}
{"level":"\u001b[32minfo\u001b[39m","message":"{\"method\":\"GET\",\"url\":\"/api/get-properties?query=ooty&arrival_date=2025-02-18&departure_date=2025-02-19&adults=2&children_age=1&room_qty=1\",\"status\":\"200\",\"responseTime\":\"4662.193\"}","timestamp":"2025-02-17T18:14:27.787Z"}
{"level":"\u001b[32minfo\u001b[39m","message":"{\"method\":\"GET\",\"url\":\"/api/get-properties?query=ooty&arrival_date=2025-02-18&departure_date=2025-02-19&adults=1&children_age=2&room_qty=1\",\"status\":\"200\",\"responseTime\":\"2543.778\"}","timestamp":"2025-02-17T18:20:23.299Z"}
{"level":"\u001b[32minfo\u001b[39m","message":"{\"method\":\"GET\",\"url\":\"/api/get-properties?query=ooty&arrival_date=2025-02-19&departure_date=2025-02-20&adults=2&children_age=1&room_qty=1\",\"status\":\"200\",\"responseTime\":\"2540.377\"}","timestamp":"2025-02-17T18:21:50.642Z"}
{"level":"\u001b[32minfo\u001b[39m","message":"{\"method\":\"GET\",\"url\":\"/api/get-properties?query=ooty&arrival_date=2025-02-18&departure_date=2025-02-19&adults=2&children_age=1&room_qty=1\",\"status\":\"200\",\"responseTime\":\"4345.441\"}","timestamp":"2025-02-17T18:23:11.324Z"}
{"level":"\u001b[32minfo\u001b[39m","message":"{\"method\":\"GET\",\"url\":\"/api/get-properties?query=ooty&arrival_date=2025-02-19&departure_date=2025-02-20&adults=2&children_age=1&room_qty=1\",\"status\":\"200\",\"responseTime\":\"2530.539\"}","timestamp":"2025-02-17T18:25:06.122Z"}
{"level":"\u001b[32minfo\u001b[39m","message":"{\"method\":\"GET\",\"url\":\"/api/get-properties?query=ooty&arrival_date=2025-02-18&departure_date=2025-02-19&adults=2&children_age=1&room_qty=1\",\"status\":\"200\",\"responseTime\":\"2513.497\"}","timestamp":"2025-02-17T18:26:55.154Z"}
{"level":"\u001b[32minfo\u001b[39m","message":"{\"method\":\"GET\",\"url\":\"/api/get-properties?query=ooty&arrival_date=2025-02-19&departure_date=2025-02-20&adults=2&children_age=1&room_qty=1\",\"status\":\"200\",\"responseTime\":\"2907.813\"}","timestamp":"2025-02-17T18:27:32.196Z"}
{"level":"\u001b[32minfo\u001b[39m","message":"{\"method\":\"GET\",\"url\":\"/api/get-properties?query=ooty&arrival_date=2025-02-19&departure_date=2025-02-20&adults=2&children_age=1&room_qty=1\",\"status\":\"200\",\"responseTime\":\"2421.653\"}","timestamp":"2025-02-17T18:28:18.730Z"}
{"level":"\u001b[32minfo\u001b[39m","message":"{\"method\":\"GET\",\"url\":\"/api/get-properties?query=ooty&arrival_date=2025-02-18&departure_date=2025-02-19&adults=2&children_age=1&room_qty=1\",\"status\":\"200\",\"responseTime\":\"2544.936\"}","timestamp":"2025-02-17T18:29:11.820Z"}
{"level":"\u001b[32minfo\u001b[39m","message":"{\"method\":\"GET\",\"url\":\"/api/get-properties?query=ooty&arrival_date=2025-02-18&departure_date=2025-02-19&adults=2&children_age=1&room_qty=1\",\"status\":\"200\",\"responseTime\":\"2544.276\"}","timestamp":"2025-02-17T18:30:53.780Z"}
{"level":"\u001b[32minfo\u001b[39m","message":"{\"method\":\"GET\",\"url\":\"/api/get-properties?query=ooty&arrival_date=2025-02-19&departure_date=2025-02-20&adults=2&children_age=1&room_qty=1\",\"status\":\"200\",\"responseTime\":\"4558.350\"}","timestamp":"2025-02-17T18:31:41.684Z"}
{"level":"\u001b[32minfo\u001b[39m","message":"{\"method\":\"GET\",\"url\":\"/api/get-properties?query=ooty&arrival_date=2025-02-19&departure_date=2025-02-20&adults=2&children_age=1&room_qty=1\",\"status\":\"200\",\"responseTime\":\"6533.245\"}","timestamp":"2025-02-17T18:32:46.951Z"}
{"level":"\u001b[32minfo\u001b[39m","message":"{\"method\":\"GET\",\"url\":\"/api/get-properties?query=ooty&arrival_date=2025-02-19&departure_date=2025-02-20&adults=2&children_age=1&room_qty=1\",\"status\":\"200\",\"responseTime\":\"3131.743\"}","timestamp":"2025-02-17T18:33:25.107Z"}
{"level":"\u001b[32minfo\u001b[39m","message":"{\"method\":\"GET\",\"url\":\"/api/get-properties?query=ooty&arrival_date=2025-02-19&departure_date=2025-02-20&adults=2&children_age=1&room_qty=1\",\"status\":\"200\",\"responseTime\":\"2398.539\"}","timestamp":"2025-02-17T18:34:53.580Z"}
{"level":"\u001b[32minfo\u001b[39m","message":"{\"method\":\"GET\",\"url\":\"/api/get-properties?query=ooty&arrival_date=2025-02-18&departure_date=2025-02-19&adults=2&children_age=1&room_qty=1\",\"status\":\"200\",\"responseTime\":\"2619.277\"}","timestamp":"2025-02-17T18:39:40.615Z"}
{"level":"\u001b[32minfo\u001b[39m","message":"{\"method\":\"GET\",\"url\":\"/api/get-properties?query=ooty&arrival_date=2025-02-18&departure_date=2025-02-19&adults=2&children_age=1&room_qty=1\",\"status\":\"200\",\"responseTime\":\"2561.500\"}","timestamp":"2025-02-17T18:41:00.063Z"}
{"level":"\u001b[32minfo\u001b[39m","message":"{\"method\":\"GET\",\"url\":\"/api/get-properties?query=ooty&arrival_date=2025-02-18&departure_date=2025-02-19&adults=2&children_age=1&room_qty=1\",\"status\":\"200\",\"responseTime\":\"4220.229\"}","timestamp":"2025-02-17T18:46:43.619Z"}
{"level":"\u001b[32minfo\u001b[39m","message":"{\"method\":\"GET\",\"url\":\"/api/get-properties?query=ooty&arrival_date=2025-02-19&departure_date=2025-02-20&adults=2&children_age=1&room_qty=1\",\"status\":\"200\",\"responseTime\":\"2559.599\"}","timestamp":"2025-02-17T18:52:09.147Z"}
{"level":"\u001b[32minfo\u001b[39m","message":"{\"method\":\"GET\",\"url\":\"/api/get-properties?query=ooty&arrival_date=2025-02-19&departure_date=2025-02-20&adults=2&children_age=1&room_qty=1\",\"status\":\"200\",\"responseTime\":\"2604.169\"}","timestamp":"2025-02-17T18:53:31.890Z"}
{"level":"\u001b[32minfo\u001b[39m","message":"{\"method\":\"GET\",\"url\":\"/api/get-properties?query=ooty&arrival_date=2025-02-19&departure_date=2025-02-20&adults=2&children_age=1&room_qty=1\",\"status\":\"200\",\"responseTime\":\"2777.124\"}","timestamp":"2025-02-17T18:55:29.128Z"}
{"level":"\u001b[32minfo\u001b[39m","message":"{\"method\":\"GET\",\"url\":\"/api/get-properties?query=ooty&arrival_date=2025-02-18&departure_date=2025-02-19&adults=2&children_age=1&room_qty=1\",\"status\":\"200\",\"responseTime\":\"2605.035\"}","timestamp":"2025-02-17T18:56:18.801Z"}
{"level":"\u001b[32minfo\u001b[39m","message":"{\"method\":\"GET\",\"url\":\"/api/get-properties?query=ooty&arrival_date=2025-02-18&departure_date=2025-02-19&adults=2&children_age=1&room_qty=1\",\"status\":\"200\",\"responseTime\":\"2411.812\"}","timestamp":"2025-02-17T19:00:06.644Z"}
{"level":"\u001b[32minfo\u001b[39m","message":"{\"method\":\"GET\",\"url\":\"/api/get-properties?query=ooty&arrival_date=2025-02-18&departure_date=2025-02-19&adults=2&children_age=1&room_qty=1\",\"status\":\"200\",\"responseTime\":\"2258.094\"}","timestamp":"2025-02-18T06:53:51.103Z"}
{"level":"\u001b[32minfo\u001b[39m","message":"{\"method\":\"GET\",\"url\":\"/api/get-properties?query=ooty&arrival_date=2025-02-22&departure_date=2025-02-23&adults=4&children_age=15&room_qty=2\",\"status\":\"200\",\"responseTime\":\"3188.229\"}","timestamp":"2025-02-18T07:20:03.172Z"}
{"level":"\u001b[32minfo\u001b[39m","message":"{\"method\":\"GET\",\"url\":\"/api/hotel-details?hotel_id=5236382&arrival_date=2025-02-22&departure_date=2025-02-23\",\"status\":\"500\",\"responseTime\":\"5.720\"}","timestamp":"2025-02-18T07:30:48.935Z"}
{"level":"\u001b[32minfo\u001b[39m","message":"{\"method\":\"GET\",\"url\":\"/api/hotel-details?hotel_id=5236382&arrival_date=2025-02-22&departure_date=2025-02-23\",\"status\":\"200\",\"responseTime\":\"2107.386\"}","timestamp":"2025-02-18T07:32:49.184Z"}
{"level":"\u001b[32minfo\u001b[39m","message":"{\"method\":\"GET\",\"url\":\"/api/get-properties?query=ooty&arrival_date=2025-02-19&departure_date=2025-02-20&adults=2&children_age=1&room_qty=1\",\"status\":\"200\",\"responseTime\":\"2207.872\"}","timestamp":"2025-02-18T07:43:25.608Z"}
{"level":"\u001b[32minfo\u001b[39m","message":"{\"method\":\"GET\",\"url\":\"/api/get-properties?query=ooty&arrival_date=2025-02-18&departure_date=2025-02-19&adults=2&children_age=1&room_qty=1\",\"status\":\"200\",\"responseTime\":\"3294.501\"}","timestamp":"2025-02-18T07:46:18.208Z"}
{"level":"\u001b[32minfo\u001b[39m","message":"{\"method\":\"GET\",\"url\":\"/api/hotel-details?hotel_id=5236382&arrival_date=2025-02-22&=\",\"status\":\"400\",\"responseTime\":\"0.638\"}","timestamp":"2025-02-18T07:49:14.515Z"}
{"level":"\u001b[32minfo\u001b[39m","message":"{\"method\":\"GET\",\"url\":\"/api/get-properties?query=ooty&arrival_date=2025-02-19&departure_date=2025-02-20&adults=2&children_age=1&room_qty=1\",\"status\":\"200\",\"responseTime\":\"2537.779\"}","timestamp":"2025-02-18T07:49:43.623Z"}
{"level":"\u001b[32minfo\u001b[39m","message":"{\"method\":\"GET\",\"url\":\"/api/hotel-details?hotel_id=5236382&departure_date=2025-02-20T18:30:00.000Z\",\"status\":\"400\",\"responseTime\":\"8.081\"}","timestamp":"2025-02-18T07:53:40.839Z"}
{"level":"\u001b[32minfo\u001b[39m","message":"{\"method\":\"GET\",\"url\":\"/api/get-properties?query=ooty&arrival_date=2025-02-18&departure_date=2025-02-19&adults=2&children_age=1&room_qty=1\",\"status\":\"200\",\"responseTime\":\"7103.127\"}","timestamp":"2025-02-18T07:54:21.315Z"}
{"level":"\u001b[32minfo\u001b[39m","message":"{\"method\":\"GET\",\"url\":\"/api/hotel-details?hotel_id=5236382&departure_date=2025-02-19T18:30:00.000Z\",\"status\":\"400\",\"responseTime\":\"0.428\"}","timestamp":"2025-02-18T07:54:26.535Z"}
{"level":"\u001b[32minfo\u001b[39m","message":"{\"method\":\"GET\",\"url\":\"/api/hotel-details?hotel_id=5236382&departure_date=2025-02-19T18:30:00.000Z\",\"status\":\"400\",\"responseTime\":\"0.564\"}","timestamp":"2025-02-18T07:55:12.742Z"}
{"level":"\u001b[32minfo\u001b[39m","message":"{\"method\":\"GET\",\"url\":\"/api/get-properties?query=ooty&arrival_date=2025-02-18&departure_date=2025-02-19&adults=2&children_age=1&room_qty=1\",\"status\":\"200\",\"responseTime\":\"4910.110\"}","timestamp":"2025-02-18T07:55:32.741Z"}
{"level":"\u001b[32minfo\u001b[39m","message":"{\"method\":\"GET\",\"url\":\"/api/hotel-details?hotel_id=5236382&arrival_date=2025-02-18T18:30:00.000Z&departure_date=2025-02-19T18:30:00.000Z\",\"status\":\"200\",\"responseTime\":\"558.296\"}","timestamp":"2025-02-18T07:55:35.317Z"}
{"level":"\u001b[32minfo\u001b[39m","message":"{\"method\":\"GET\",\"url\":\"/api/get-properties?query=ooty&arrival_date=2025-02-18&departure_date=2025-02-19&adults=2&children_age=1&room_qty=1\",\"status\":\"200\",\"responseTime\":\"6375.883\"}","timestamp":"2025-02-18T07:57:51.266Z"}
{"level":"\u001b[32minfo\u001b[39m","message":"{\"method\":\"GET\",\"url\":\"/api/hotel-details?hotel_id=5236382&arrival_date=2025-02-18T18:30:00.000Z&departure_date=2025-02-19T18:30:00.000Z\",\"status\":\"304\",\"responseTime\":\"536.679\"}","timestamp":"2025-02-18T07:57:55.713Z"}
{"level":"\u001b[32minfo\u001b[39m","message":"{\"method\":\"GET\",\"url\":\"/api/get-properties?query=ooty&arrival_date=2025-02-18&departure_date=2025-02-19&adults=2&children_age=1&room_qty=1\",\"status\":\"200\",\"responseTime\":\"3102.400\"}","timestamp":"2025-02-18T08:00:58.834Z"}
{"level":"\u001b[32minfo\u001b[39m","message":"{\"method\":\"GET\",\"url\":\"/api/hotel-details?hotel_id=5236382&arrival_date=2025-02-18&departure_date=2025-02-19\",\"status\":\"200\",\"responseTime\":\"3866.439\"}","timestamp":"2025-02-18T08:01:05.391Z"}
{"level":"\u001b[32minfo\u001b[39m","message":"{\"method\":\"GET\",\"url\":\"/api/hotel-details?hotel_id=5236382&arrival_date=2025-02-18&departure_date=2025-02-19\",\"status\":\"200\",\"responseTime\":\"6869.376\"}","timestamp":"2025-02-18T08:02:57.661Z"}
{"level":"\u001b[32minfo\u001b[39m","message":"{\"method\":\"GET\",\"url\":\"/api/get-properties?query=ooty&arrival_date=2025-02-25&departure_date=2025-02-26&adults=2&children_age=1&room_qty=1\",\"status\":\"200\",\"responseTime\":\"6866.045\"}","timestamp":"2025-02-18T08:06:04.593Z"}
{"level":"\u001b[32minfo\u001b[39m","message":"{\"method\":\"GET\",\"url\":\"/api/hotel-details?hotel_id=1450439&arrival_date=2025-02-25&departure_date=2025-02-26\",\"status\":\"200\",\"responseTime\":\"2514.043\"}","timestamp":"2025-02-18T08:06:11.681Z"}
{"level":"\u001b[32minfo\u001b[39m","message":"{\"method\":\"GET\",\"url\":\"/api/get-properties?query=ooty&arrival_date=2025-02-19&departure_date=2025-02-20&adults=2&children_age=1&room_qty=1\",\"status\":\"200\",\"responseTime\":\"2871.945\"}","timestamp":"2025-02-18T09:38:53.050Z"}
{"level":"\u001b[32minfo\u001b[39m","message":"{\"method\":\"GET\",\"url\":\"/api/hotel-details?hotel_id=10402378&arrival_date=2025-02-19&departure_date=2025-02-20\",\"status\":\"200\",\"responseTime\":\"2354.362\"}","timestamp":"2025-02-18T09:39:23.550Z"}
{"level":"\u001b[32minfo\u001b[39m","message":"{\"method\":\"GET\",\"url\":\"/api/hotel-details?hotel_id=5236382&arrival_date=2025-02-19&departure_date=2025-02-20\",\"status\":\"200\",\"responseTime\":\"2228.136\"}","timestamp":"2025-02-18T09:40:17.817Z"}
{"level":"\u001b[32minfo\u001b[39m","message":"{\"method\":\"GET\",\"url\":\"/api/get-properties?query=ooty&arrival_date=2025-02-19&departure_date=2025-02-20&adults=2&children_age=1&room_qty=1\",\"status\":\"200\",\"responseTime\":\"4813.250\"}","timestamp":"2025-02-18T09:55:23.158Z"}
{"level":"\u001b[32minfo\u001b[39m","message":"{\"method\":\"GET\",\"url\":\"/api/hotel-details?hotel_id=5236382&arrival_date=2025-02-19&departure_date=2025-02-20\",\"status\":\"200\",\"responseTime\":\"1965.249\"}","timestamp":"2025-02-18T09:55:29.159Z"}
{"level":"\u001b[32minfo\u001b[39m","message":"{\"method\":\"GET\",\"url\":\"/api/get-properties?query=ooty&arrival_date=2025-02-19&departure_date=2025-02-20&adults=2&children_age=1&room_qty=1\",\"status\":\"200\",\"responseTime\":\"2346.651\"}","timestamp":"2025-02-18T09:56:17.940Z"}
{"level":"\u001b[32minfo\u001b[39m","message":"{\"method\":\"GET\",\"url\":\"/api/hotel-details?hotel_id=5236382&arrival_date=2025-02-19&departure_date=2025-02-20\",\"status\":\"200\",\"responseTime\":\"2270.213\"}","timestamp":"2025-02-18T09:56:21.871Z"}
{"level":"\u001b[32minfo\u001b[39m","message":"{\"method\":\"GET\",\"url\":\"/api/get-properties?query=ooty&arrival_date=2025-02-19&departure_date=2025-02-20&adults=2&children_age=1&room_qty=1\",\"status\":\"200\",\"responseTime\":\"3881.211\"}","timestamp":"2025-02-18T09:57:59.020Z"}
{"level":"\u001b[32minfo\u001b[39m","message":"{\"method\":\"GET\",\"url\":\"/api/hotel-details?hotel_id=5236382&arrival_date=2025-02-19&departure_date=2025-02-20\",\"status\":\"200\",\"responseTime\":\"2103.635\"}","timestamp":"2025-02-18T09:58:02.596Z"}
{"level":"\u001b[32minfo\u001b[39m","message":"{\"method\":\"GET\",\"url\":\"/api/hotel-details?hotel_id=5236382&arrival_date=2025-02-22&departure_date=2025-02-23\",\"status\":\"200\",\"responseTime\":\"2192.705\"}","timestamp":"2025-02-18T10:06:09.613Z"}
{"level":"\u001b[32minfo\u001b[39m","message":"{\"method\":\"GET\",\"url\":\"/api/get-properties?query=ooty&arrival_date=2025-02-19&departure_date=2025-02-20&adults=2&children_age=1&room_qty=1\",\"status\":\"200\",\"responseTime\":\"2547.405\"}","timestamp":"2025-02-18T10:26:40.274Z"}
{"level":"\u001b[32minfo\u001b[39m","message":"{\"method\":\"GET\",\"url\":\"/api/get-properties?query=ooty&arrival_date=2025-02-18&departure_date=2025-02-19&adults=2&children_age=1&room_qty=1\",\"status\":\"200\",\"responseTime\":\"2386.075\"}","timestamp":"2025-02-18T10:27:15.950Z"}
{"level":"\u001b[32minfo\u001b[39m","message":"{\"method\":\"GET\",\"url\":\"/api/get-properties?query=ooty&arrival_date=2025-02-18&departure_date=2025-02-19&adults=2&children_age=1&room_qty=1\",\"status\":\"200\",\"responseTime\":\"5598.153\"}","timestamp":"2025-02-18T12:46:18.915Z"}
{"level":"\u001b[32minfo\u001b[39m","message":"{\"method\":\"GET\",\"url\":\"/api/hotel-details?hotel_id=5236382&arrival_date=2025-02-18&departure_date=2025-02-19\",\"status\":\"200\",\"responseTime\":\"2350.324\"}","timestamp":"2025-02-18T12:51:11.032Z"}
{"level":"\u001b[32minfo\u001b[39m","message":"{\"method\":\"GET\",\"url\":\"/api/get-properties?query=ooty&arrival_date=2025-02-18&departure_date=2025-02-19&adults=2&children_age=1&room_qty=1\",\"status\":\"200\",\"responseTime\":\"2230.503\"}","timestamp":"2025-02-18T12:52:02.064Z"}
{"level":"\u001b[32minfo\u001b[39m","message":"{\"method\":\"GET\",\"url\":\"/api/hotel-details?hotel_id=5236382&arrival_date=2025-02-18&departure_date=2025-02-19\",\"status\":\"200\",\"responseTime\":\"1943.813\"}","timestamp":"2025-02-18T12:52:06.778Z"}
{"level":"\u001b[32minfo\u001b[39m","message":"{\"method\":\"GET\",\"url\":\"/api/get-properties?query=ooty&arrival_date=2025-02-18&departure_date=2025-02-19&adults=2&children_age=1&room_qty=1\",\"status\":\"200\",\"responseTime\":\"5538.329\"}","timestamp":"2025-02-18T12:58:46.611Z"}
{"level":"\u001b[32minfo\u001b[39m","message":"{\"method\":\"GET\",\"url\":\"/api/hotel-details?hotel_id=5236382&arrival_date=2025-02-18&departure_date=2025-02-19\",\"status\":\"200\",\"responseTime\":\"1842.443\"}","timestamp":"2025-02-18T12:58:50.233Z"}
{"level":"\u001b[32minfo\u001b[39m","message":"{\"method\":\"GET\",\"url\":\"/api/get-properties?query=ooty&arrival_date=2025-02-19&departure_date=2025-02-20&adults=2&children_age=1&room_qty=1\",\"status\":\"200\",\"responseTime\":\"4974.257\"}","timestamp":"2025-02-18T13:04:09.363Z"}
{"level":"\u001b[32minfo\u001b[39m","message":"{\"method\":\"GET\",\"url\":\"/api/hotel-details?hotel_id=5236382&arrival_date=2025-02-19&departure_date=2025-02-20\",\"status\":\"200\",\"responseTime\":\"4967.826\"}","timestamp":"2025-02-18T13:09:50.835Z"}
{"level":"\u001b[32minfo\u001b[39m","message":"{\"method\":\"GET\",\"url\":\"/api/hotel-details?hotel_id=1450439&arrival_date=2025-02-19&departure_date=2025-02-20\",\"status\":\"200\",\"responseTime\":\"2770.128\"}","timestamp":"2025-02-18T13:10:00.231Z"}
{"level":"\u001b[32minfo\u001b[39m","message":"{\"method\":\"GET\",\"url\":\"/api/hotel-details?hotel_id=289799&arrival_date=2025-02-19&departure_date=2025-02-20\",\"status\":\"200\",\"responseTime\":\"2328.378\"}","timestamp":"2025-02-18T13:10:14.298Z"}
{"level":"\u001b[32minfo\u001b[39m","message":"{\"method\":\"GET\",\"url\":\"/api/get-properties?query=ooty&arrival_date=2025-02-19&departure_date=2025-02-20&adults=2&children_age=1&room_qty=1\",\"status\":\"200\",\"responseTime\":\"4047.708\"}","timestamp":"2025-02-19T05:21:05.849Z"}
{"level":"\u001b[32minfo\u001b[39m","message":"{\"method\":\"GET\",\"url\":\"/api/hotel-details?hotel_id=1450439&arrival_date=2025-02-19&departure_date=2025-02-20\",\"status\":\"200\",\"responseTime\":\"2986.115\"}","timestamp":"2025-02-19T05:21:14.113Z"}
{"level":"\u001b[32minfo\u001b[39m","message":"{\"method\":\"GET\",\"url\":\"/api/get-properties?query=ooty&arrival_date=2025-02-19&departure_date=2025-02-20&adults=2&children_age=1&room_qty=1\",\"status\":\"200\",\"responseTime\":\"3414.877\"}","timestamp":"2025-02-19T05:49:42.990Z"}
{"level":"\u001b[32minfo\u001b[39m","message":"{\"method\":\"GET\",\"url\":\"/api/hotel-details?hotel_id=1450439&arrival_date=2025-02-19&departure_date=2025-02-20\",\"status\":\"200\",\"responseTime\":\"2466.358\"}","timestamp":"2025-02-19T05:49:51.406Z"}
{"level":"\u001b[32minfo\u001b[39m","message":"{\"method\":\"GET\",\"url\":\"/api/hotel-photos?hotel_id=1450439\",\"status\":\"200\",\"responseTime\":\"1080.651\"}","timestamp":"2025-02-19T05:49:52.509Z"}
{"level":"\u001b[32minfo\u001b[39m","message":"{\"method\":\"GET\",\"url\":\"/api/hotel-details?hotel_id=5236382&arrival_date=2025-02-19&departure_date=2025-02-20\",\"status\":\"200\",\"responseTime\":\"2275.355\"}","timestamp":"2025-02-19T06:10:33.072Z"}
{"level":"\u001b[32minfo\u001b[39m","message":"{\"method\":\"GET\",\"url\":\"/api/hotel-photos?hotel_id=5236382\",\"status\":\"200\",\"responseTime\":\"1165.721\"}","timestamp":"2025-02-19T06:10:34.254Z"}
{"level":"\u001b[32minfo\u001b[39m","message":"{\"method\":\"GET\",\"url\":\"/api/hotel-details?hotel_id=289799&arrival_date=2025-02-19&departure_date=2025-02-20\",\"status\":\"200\",\"responseTime\":\"2098.325\"}","timestamp":"2025-02-19T06:14:10.901Z"}
{"level":"\u001b[32minfo\u001b[39m","message":"{\"method\":\"GET\",\"url\":\"/api/hotel-photos?hotel_id=289799\",\"status\":\"200\",\"responseTime\":\"824.101\"}","timestamp":"2025-02-19T06:14:11.735Z"}
{"level":"\u001b[32minfo\u001b[39m","message":"{\"method\":\"GET\",\"url\":\"/api/hotel-details?hotel_id=12854963&arrival_date=2025-02-19&departure_date=2025-02-20\",\"status\":\"200\",\"responseTime\":\"6595.669\"}","timestamp":"2025-02-19T06:15:38.421Z"}
{"level":"\u001b[32minfo\u001b[39m","message":"{\"method\":\"GET\",\"url\":\"/api/hotel-photos?hotel_id=12854963\",\"status\":\"200\",\"responseTime\":\"801.851\"}","timestamp":"2025-02-19T06:15:39.230Z"}
{"level":"\u001b[32minfo\u001b[39m","message":"{\"method\":\"GET\",\"url\":\"/api/hotel-details?hotel_id=1516658&arrival_date=2025-02-19&departure_date=2025-02-20\",\"status\":\"200\",\"responseTime\":\"2193.821\"}","timestamp":"2025-02-19T06:17:49.342Z"}
{"level":"\u001b[32minfo\u001b[39m","message":"{\"method\":\"GET\",\"url\":\"/api/hotel-photos?hotel_id=1516658\",\"status\":\"200\",\"responseTime\":\"939.836\"}","timestamp":"2025-02-19T06:17:50.287Z"}
{"level":"\u001b[32minfo\u001b[39m","message":"{\"method\":\"GET\",\"url\":\"/api/hotel-details?hotel_id=1516658&arrival_date=2025-02-19&departure_date=2025-02-20\",\"status\":\"200\",\"responseTime\":\"1898.475\"}","timestamp":"2025-02-19T06:17:51.243Z"}
{"level":"\u001b[32minfo\u001b[39m","message":"{\"method\":\"GET\",\"url\":\"/api/hotel-photos?hotel_id=1516658\",\"status\":\"200\",\"responseTime\":\"823.717\"}","timestamp":"2025-02-19T06:17:52.075Z"}
{"level":"\u001b[32minfo\u001b[39m","message":"{\"method\":\"GET\",\"url\":\"/api/get-properties?query=ooty&arrival_date=2025-02-19&departure_date=2025-02-20&adults=2&children_age=1&room_qty=1\",\"status\":\"200\",\"responseTime\":\"3843.564\"}","timestamp":"2025-02-19T06:24:37.654Z"}
{"level":"\u001b[32minfo\u001b[39m","message":"{\"method\":\"GET\",\"url\":\"/api/hotel-details?hotel_id=5236382&arrival_date=2025-02-19&departure_date=2025-02-20\",\"status\":\"200\",\"responseTime\":\"2011.549\"}","timestamp":"2025-02-19T06:24:45.334Z"}
{"level":"\u001b[32minfo\u001b[39m","message":"{\"method\":\"GET\",\"url\":\"/api/hotel-photos?hotel_id=5236382\",\"status\":\"200\",\"responseTime\":\"1087.066\"}","timestamp":"2025-02-19T06:24:46.428Z"}
{"level":"\u001b[32minfo\u001b[39m","message":"{\"method\":\"OPTIONS\",\"url\":\"/api/user-login\",\"status\":\"204\",\"responseTime\":\"2.683\"}","timestamp":"2025-02-20T05:06:43.471Z"}
{"level":"\u001b[32minfo\u001b[39m","message":"{\"method\":\"POST\",\"url\":\"/api/user-login\",\"status\":\"400\",\"responseTime\":\"112.170\"}","timestamp":"2025-02-20T05:06:43.612Z"}
{"level":"\u001b[32minfo\u001b[39m","message":"{\"method\":\"GET\",\"url\":\"/api/get-properties?query=ooty&arrival_date=2025-02-20&departure_date=2025-02-21&adults=2&children_age=1&room_qty=1\",\"status\":\"200\",\"responseTime\":\"4590.038\"}","timestamp":"2025-02-20T05:11:18.235Z"}
{"level":"\u001b[32minfo\u001b[39m","message":"{\"method\":\"GET\",\"url\":\"/api/hotel-details?hotel_id=5236382&arrival_date=2025-02-20&departure_date=2025-02-21\",\"status\":\"200\",\"responseTime\":\"2540.240\"}","timestamp":"2025-02-20T05:15:54.268Z"}
{"level":"\u001b[32minfo\u001b[39m","message":"{\"method\":\"GET\",\"url\":\"/api/hotel-photos?hotel_id=5236382\",\"status\":\"200\",\"responseTime\":\"1108.231\"}","timestamp":"2025-02-20T05:15:55.383Z"}
{"level":"\u001b[32minfo\u001b[39m","message":"{\"method\":\"GET\",\"url\":\"/api/hotel-details?hotel_id=289799&arrival_date=2025-02-20&departure_date=2025-02-21\",\"status\":\"200\",\"responseTime\":\"2247.743\"}","timestamp":"2025-02-20T05:16:58.526Z"}
{"level":"\u001b[32minfo\u001b[39m","message":"{\"method\":\"GET\",\"url\":\"/api/hotel-photos?hotel_id=289799\",\"status\":\"200\",\"responseTime\":\"861.232\"}","timestamp":"2025-02-20T05:16:59.393Z"}
{"level":"\u001b[32minfo\u001b[39m","message":"{\"method\":\"GET\",\"url\":\"/api/hotel-details?hotel_id=5236382&arrival_date=2025-02-20&departure_date=2025-02-21\",\"status\":\"200\",\"responseTime\":\"2504.871\"}","timestamp":"2025-02-20T05:31:50.685Z"}
{"level":"\u001b[32minfo\u001b[39m","message":"{\"method\":\"GET\",\"url\":\"/api/hotel-photos?hotel_id=5236382\",\"status\":\"200\",\"responseTime\":\"1106.002\"}","timestamp":"2025-02-20T05:31:51.805Z"}
{"level":"\u001b[32minfo\u001b[39m","message":"{\"method\":\"GET\",\"url\":\"/api/hotel-details?hotel_id=289799&arrival_date=2025-02-20&departure_date=2025-02-21\",\"status\":\"200\",\"responseTime\":\"2073.483\"}","timestamp":"2025-02-20T05:36:25.989Z"}
{"level":"\u001b[32minfo\u001b[39m","message":"{\"method\":\"GET\",\"url\":\"/api/hotel-photos?hotel_id=289799\",\"status\":\"200\",\"responseTime\":\"825.364\"}","timestamp":"2025-02-20T05:36:26.835Z"}
{"level":"\u001b[32minfo\u001b[39m","message":"{\"method\":\"GET\",\"url\":\"/api/get-properties?query=ooty&arrival_date=2025-02-20&departure_date=2025-02-21&adults=2&children_age=1&room_qty=1\",\"status\":\"200\",\"responseTime\":\"2513.465\"}","timestamp":"2025-02-20T07:17:29.872Z"}
{"level":"\u001b[32minfo\u001b[39m","message":"{\"method\":\"GET\",\"url\":\"/api/hotel-details?hotel_id=3534149&arrival_date=2025-02-20&departure_date=2025-02-21\",\"status\":\"200\",\"responseTime\":\"2195.374\"}","timestamp":"2025-02-20T07:17:41.039Z"}
{"level":"\u001b[32minfo\u001b[39m","message":"{\"method\":\"GET\",\"url\":\"/api/hotel-photos?hotel_id=3534149\",\"status\":\"200\",\"responseTime\":\"838.082\"}","timestamp":"2025-02-20T07:17:41.881Z"}
{"level":"\u001b[32minfo\u001b[39m","message":"{\"method\":\"OPTIONS\",\"url\":\"/api/user\",\"status\":\"204\",\"responseTime\":\"2.125\"}","timestamp":"2025-02-20T09:35:31.533Z"}
{"level":"\u001b[32minfo\u001b[39m","message":"{\"method\":\"POST\",\"url\":\"/api/user\",\"status\":\"200\",\"responseTime\":\"161.676\"}","timestamp":"2025-02-20T09:35:31.726Z"}
{"level":"\u001b[32minfo\u001b[39m","message":"{\"method\":\"GET\",\"url\":\"/api/get-properties?query=ooty&arrival_date=2025-02-20&departure_date=2025-02-21&adults=2&children_age=1&room_qty=1\",\"status\":\"200\",\"responseTime\":\"2881.429\"}","timestamp":"2025-02-20T09:35:58.814Z"}
{"level":"\u001b[32minfo\u001b[39m","message":"{\"method\":\"GET\",\"url\":\"/api/hotel-details?hotel_id=289799&arrival_date=2025-02-20&departure_date=2025-02-21\",\"status\":\"200\",\"responseTime\":\"1935.302\"}","timestamp":"2025-02-20T09:36:02.527Z"}
{"level":"\u001b[32minfo\u001b[39m","message":"{\"method\":\"GET\",\"url\":\"/api/hotel-photos?hotel_id=289799\",\"status\":\"200\",\"responseTime\":\"835.961\"}","timestamp":"2025-02-20T09:36:03.381Z"}
{"level":"\u001b[32minfo\u001b[39m","message":"{\"method\":\"GET\",\"url\":\"/api/get-properties?query=ooty&arrival_date=2025-02-20&departure_date=2025-02-21&adults=2&children_age=1&room_qty=1\",\"status\":\"200\",\"responseTime\":\"2458.214\"}","timestamp":"2025-02-20T09:40:06.750Z"}
{"level":"\u001b[32minfo\u001b[39m","message":"{\"method\":\"GET\",\"url\":\"/api/hotel-details?hotel_id=289799&arrival_date=2025-02-20&departure_date=2025-02-21\",\"status\":\"200\",\"responseTime\":\"2078.776\"}","timestamp":"2025-02-20T09:40:21.110Z"}
{"level":"\u001b[32minfo\u001b[39m","message":"{\"method\":\"GET\",\"url\":\"/api/hotel-photos?hotel_id=289799\",\"status\":\"200\",\"responseTime\":\"887.268\"}","timestamp":"2025-02-20T09:40:22.004Z"}
{"level":"\u001b[32minfo\u001b[39m","message":"{\"method\":\"OPTIONS\",\"url\":\"/api/create-checkout-session\",\"status\":\"204\",\"responseTime\":\"0.879\"}","timestamp":"2025-02-20T09:40:25.488Z"}
{"level":"\u001b[32minfo\u001b[39m","message":"{\"method\":\"POST\",\"url\":\"/api/create-checkout-session\",\"status\":\"404\",\"responseTime\":\"1.795\"}","timestamp":"2025-02-20T09:40:25.509Z"}
{"level":"\u001b[32minfo\u001b[39m","message":"{\"method\":\"GET\",\"url\":\"/api/get-properties?query=ooty&arrival_date=2025-02-20&departure_date=2025-02-21&adults=2&children_age=1&room_qty=1\",\"status\":\"200\",\"responseTime\":\"2528.565\"}","timestamp":"2025-02-20T09:45:56.515Z"}
{"level":"\u001b[32minfo\u001b[39m","message":"{\"method\":\"GET\",\"url\":\"/api/hotel-details?hotel_id=5236382&arrival_date=2025-02-20&departure_date=2025-02-21\",\"status\":\"200\",\"responseTime\":\"2443.012\"}","timestamp":"2025-02-20T09:46:01.272Z"}
{"level":"\u001b[32minfo\u001b[39m","message":"{\"method\":\"GET\",\"url\":\"/api/hotel-photos?hotel_id=5236382\",\"status\":\"200\",\"responseTime\":\"1188.434\"}","timestamp":"2025-02-20T09:46:02.486Z"}
{"level":"\u001b[32minfo\u001b[39m","message":"{\"method\":\"OPTIONS\",\"url\":\"/api/create-checkout-session\",\"status\":\"204\",\"responseTime\":\"0.704\"}","timestamp":"2025-02-20T09:46:04.833Z"}
{"level":"\u001b[32minfo\u001b[39m","message":"{\"method\":\"POST\",\"url\":\"/api/create-checkout-session\",\"status\":\"404\",\"responseTime\":\"1.609\"}","timestamp":"2025-02-20T09:46:04.852Z"}
{"level":"\u001b[32minfo\u001b[39m","message":"{\"method\":\"GET\",\"url\":\"/api/get-properties?query=ooty&arrival_date=2025-02-20&departure_date=2025-02-21&adults=2&children_age=1&room_qty=1\",\"status\":\"200\",\"responseTime\":\"2452.065\"}","timestamp":"2025-02-20T09:52:32.124Z"}
{"level":"\u001b[32minfo\u001b[39m","message":"{\"method\":\"GET\",\"url\":\"/api/hotel-details?hotel_id=5236382&arrival_date=2025-02-20&departure_date=2025-02-21\",\"status\":\"200\",\"responseTime\":\"2156.773\"}","timestamp":"2025-02-20T09:52:35.616Z"}
{"level":"\u001b[32minfo\u001b[39m","message":"{\"method\":\"GET\",\"url\":\"/api/hotel-photos?hotel_id=5236382\",\"status\":\"200\",\"responseTime\":\"1139.822\"}","timestamp":"2025-02-20T09:52:36.765Z"}
{"level":"\u001b[32minfo\u001b[39m","message":"{\"method\":\"OPTIONS\",\"url\":\"/api/create-checkout-session\",\"status\":\"204\",\"responseTime\":\"0.628\"}","timestamp":"2025-02-20T09:52:39.131Z"}
{"level":"\u001b[32minfo\u001b[39m","message":"{\"method\":\"POST\",\"url\":\"/api/create-checkout-session\",\"status\":\"500\",\"responseTime\":\"534.640\"}","timestamp":"2025-02-20T09:52:39.692Z"}
{"level":"\u001b[32minfo\u001b[39m","message":"{\"method\":\"GET\",\"url\":\"/api/get-properties?query=ooty&arrival_date=2025-02-20&departure_date=2025-02-21&adults=2&children_age=1&room_qty=1\",\"status\":\"200\",\"responseTime\":\"2405.836\"}","timestamp":"2025-02-20T09:59:05.728Z"}
{"level":"\u001b[32minfo\u001b[39m","message":"{\"method\":\"GET\",\"url\":\"/api/hotel-details?hotel_id=5236382&arrival_date=2025-02-20&departure_date=2025-02-21\",\"status\":\"200\",\"responseTime\":\"2240.957\"}","timestamp":"2025-02-20T09:59:11.235Z"}
{"level":"\u001b[32minfo\u001b[39m","message":"{\"method\":\"GET\",\"url\":\"/api/hotel-photos?hotel_id=5236382\",\"status\":\"200\",\"responseTime\":\"1148.268\"}","timestamp":"2025-02-20T09:59:12.390Z"}
{"level":"\u001b[32minfo\u001b[39m","message":"{\"method\":\"GET\",\"url\":\"/api/hotel-details?hotel_id=3534149&arrival_date=2025-02-20&departure_date=2025-02-21\",\"status\":\"200\",\"responseTime\":\"2296.593\"}","timestamp":"2025-02-20T10:01:26.021Z"}
{"level":"\u001b[32minfo\u001b[39m","message":"{\"method\":\"GET\",\"url\":\"/api/hotel-photos?hotel_id=3534149\",\"status\":\"200\",\"responseTime\":\"835.826\"}","timestamp":"2025-02-20T10:01:26.865Z"}
{"level":"\u001b[32minfo\u001b[39m","message":"{\"method\":\"GET\",\"url\":\"/api/get-properties?query=ooty&arrival_date=2025-02-20&departure_date=2025-02-21&adults=2&children_age=1&room_qty=1\",\"status\":\"200\",\"responseTime\":\"2489.457\"}","timestamp":"2025-02-20T10:12:48.919Z"}
{"level":"\u001b[32minfo\u001b[39m","message":"{\"method\":\"GET\",\"url\":\"/api/hotel-details?hotel_id=3534149&arrival_date=2025-02-20&departure_date=2025-02-21\",\"status\":\"200\",\"responseTime\":\"2133.819\"}","timestamp":"2025-02-20T10:12:55.812Z"}
{"level":"\u001b[32minfo\u001b[39m","message":"{\"method\":\"GET\",\"url\":\"/api/hotel-photos?hotel_id=3534149\",\"status\":\"200\",\"responseTime\":\"835.602\"}","timestamp":"2025-02-20T10:12:56.656Z"}
{"level":"\u001b[32minfo\u001b[39m","message":"{\"method\":\"GET\",\"url\":\"/api/get-properties?query=ooty&arrival_date=2025-02-20&departure_date=2025-02-21&adults=2&children_age=1&room_qty=1\",\"status\":\"200\",\"responseTime\":\"2531.372\"}","timestamp":"2025-02-20T10:15:18.356Z"}
{"level":"\u001b[32minfo\u001b[39m","message":"{\"method\":\"GET\",\"url\":\"/api/hotel-details?hotel_id=12854963&arrival_date=2025-02-20&departure_date=2025-02-21\",\"status\":\"200\",\"responseTime\":\"2163.273\"}","timestamp":"2025-02-20T10:15:28.863Z"}
{"level":"\u001b[32minfo\u001b[39m","message":"{\"method\":\"GET\",\"url\":\"/api/hotel-photos?hotel_id=12854963\",\"status\":\"200\",\"responseTime\":\"783.904\"}","timestamp":"2025-02-20T10:15:29.656Z"}
{"level":"\u001b[32minfo\u001b[39m","message":"{\"method\":\"GET\",\"url\":\"/api/hotel-details?hotel_id=5236382&arrival_date=2025-02-20&departure_date=2025-02-21\",\"status\":\"200\",\"responseTime\":\"4406.347\"}","timestamp":"2025-02-20T10:16:22.819Z"}
{"level":"\u001b[32minfo\u001b[39m","message":"{\"method\":\"GET\",\"url\":\"/api/hotel-photos?hotel_id=5236382\",\"status\":\"200\",\"responseTime\":\"1169.596\"}","timestamp":"2025-02-20T10:16:23.997Z"}
{"level":"\u001b[32minfo\u001b[39m","message":"{\"method\":\"OPTIONS\",\"url\":\"/api/stripePayment\",\"status\":\"204\",\"responseTime\":\"0.507\"}","timestamp":"2025-02-20T10:16:52.325Z"}
{"level":"\u001b[32minfo\u001b[39m","message":"{\"method\":\"POST\",\"url\":\"/api/stripePayment\",\"status\":\"404\",\"responseTime\":\"1.554\"}","timestamp":"2025-02-20T10:16:52.361Z"}
{"level":"\u001b[32minfo\u001b[39m","message":"{\"method\":\"OPTIONS\",\"url\":\"/api/create-checkout-session\",\"status\":\"204\",\"responseTime\":\"0.219\"}","timestamp":"2025-02-20T10:18:05.742Z"}
{"level":"\u001b[32minfo\u001b[39m","message":"{\"method\":\"POST\",\"url\":\"/api/create-checkout-session\",\"status\":\"500\",\"responseTime\":\"1205.860\"}","timestamp":"2025-02-20T10:18:06.951Z"}
{"level":"\u001b[32minfo\u001b[39m","message":"{\"method\":\"OPTIONS\",\"url\":\"/api/create-checkout-session\",\"status\":\"204\",\"responseTime\":\"2.888\"}","timestamp":"2025-02-20T10:22:14.592Z"}
{"level":"\u001b[32minfo\u001b[39m","message":"{\"method\":\"POST\",\"url\":\"/api/create-checkout-session\",\"status\":\"500\",\"responseTime\":\"703.332\"}","timestamp":"2025-02-20T10:22:15.337Z"}
{"level":"\u001b[32minfo\u001b[39m","message":"{\"method\":\"OPTIONS\",\"url\":\"/api/create-checkout-session\",\"status\":\"204\",\"responseTime\":\"2.789\"}","timestamp":"2025-02-20T10:23:48.829Z"}
{"level":"\u001b[32minfo\u001b[39m","message":"{\"method\":\"POST\",\"url\":\"/api/create-checkout-session\",\"status\":\"400\",\"responseTime\":\"6.825\"}","timestamp":"2025-02-20T10:23:48.875Z"}
{"level":"\u001b[32minfo\u001b[39m","message":"{\"method\":\"OPTIONS\",\"url\":\"/api/create-checkout-session\",\"status\":\"204\",\"responseTime\":\"2.853\"}","timestamp":"2025-02-20T10:25:10.818Z"}
{"level":"\u001b[32minfo\u001b[39m","message":"{\"method\":\"POST\",\"url\":\"/api/create-checkout-session\",\"status\":\"200\",\"responseTime\":\"703.954\"}","timestamp":"2025-02-20T10:25:11.544Z"}
{"level":"\u001b[32minfo\u001b[39m","message":"{\"method\":\"GET\",\"url\":\"/api/get-properties?query=Hyderabad&arrival_date=2025-02-21&departure_date=2025-02-22&adults=2&children_age=1&room_qty=1\",\"status\":\"200\",\"responseTime\":\"4677.962\"}","timestamp":"2025-02-20T10:40:00.747Z"}
{"level":"\u001b[32minfo\u001b[39m","message":"{\"method\":\"GET\",\"url\":\"/api/hotel-details?hotel_id=572271&arrival_date=2025-02-21&departure_date=2025-02-22\",\"status\":\"200\",\"responseTime\":\"2247.430\"}","timestamp":"2025-02-20T10:40:07.213Z"}
{"level":"\u001b[32minfo\u001b[39m","message":"{\"method\":\"GET\",\"url\":\"/api/hotel-photos?hotel_id=572271\",\"status\":\"200\",\"responseTime\":\"913.547\"}","timestamp":"2025-02-20T10:40:08.132Z"}
{"level":"\u001b[32minfo\u001b[39m","message":"{\"method\":\"OPTIONS\",\"url\":\"/api/create-checkout-session\",\"status\":\"204\",\"responseTime\":\"0.199\"}","timestamp":"2025-02-20T10:40:13.530Z"}
{"level":"\u001b[32minfo\u001b[39m","message":"{\"method\":\"POST\",\"url\":\"/api/create-checkout-session\",\"status\":\"200\",\"responseTime\":\"844.824\"}","timestamp":"2025-02-20T10:40:14.377Z"}
{"level":"\u001b[32minfo\u001b[39m","message":"{\"method\":\"GET\",\"url\":\"/api/logout\",\"status\":\"200\",\"responseTime\":\"5.826\"}","timestamp":"2025-02-20T10:42:19.740Z"}
{"level":"\u001b[32minfo\u001b[39m","message":"{\"method\":\"OPTIONS\",\"url\":\"/api/user-login\",\"status\":\"204\",\"responseTime\":\"0.786\"}","timestamp":"2025-02-20T10:42:53.067Z"}
{"level":"\u001b[32minfo\u001b[39m","message":"{\"method\":\"POST\",\"url\":\"/api/user-login\",\"status\":\"400\",\"responseTime\":\"72.482\"}","timestamp":"2025-02-20T10:42:53.142Z"}
{"level":"\u001b[32minfo\u001b[39m","message":"{\"method\":\"OPTIONS\",\"url\":\"/api/user-login\",\"status\":\"204\",\"responseTime\":\"0.922\"}","timestamp":"2025-02-20T10:43:01.308Z"}
{"level":"\u001b[32minfo\u001b[39m","message":"{\"method\":\"POST\",\"url\":\"/api/user-login\",\"status\":\"400\",\"responseTime\":\"42.258\"}","timestamp":"2025-02-20T10:43:01.354Z"}
{"level":"\u001b[32minfo\u001b[39m","message":"{\"method\":\"OPTIONS\",\"url\":\"/api/user-login\",\"status\":\"204\",\"responseTime\":\"0.533\"}","timestamp":"2025-02-20T10:43:08.284Z"}
{"level":"\u001b[32minfo\u001b[39m","message":"{\"method\":\"POST\",\"url\":\"/api/user-login\",\"status\":\"200\",\"responseTime\":\"112.698\"}","timestamp":"2025-02-20T10:43:08.400Z"}
{"level":"\u001b[32minfo\u001b[39m","message":"{\"method\":\"OPTIONS\",\"url\":\"/api/user-login\",\"status\":\"204\",\"responseTime\":\"1.318\"}","timestamp":"2025-02-20T16:52:17.632Z"}
{"level":"\u001b[32minfo\u001b[39m","message":"{\"method\":\"POST\",\"url\":\"/api/user-login\",\"status\":\"200\",\"responseTime\":\"124.680\"}","timestamp":"2025-02-20T16:52:17.781Z"}
{"level":"\u001b[32minfo\u001b[39m","message":"{\"method\":\"GET\",\"url\":\"/api/get-properties?query=Bangalore&arrival_date=2025-02-20&departure_date=2025-02-21&adults=2&children_age=1&room_qty=1\",\"status\":\"200\",\"responseTime\":\"2341.491\"}","timestamp":"2025-02-20T16:57:27.191Z"}
{"level":"\u001b[32minfo\u001b[39m","message":"{\"method\":\"GET\",\"url\":\"/api/hotel-details?hotel_id=10022548&arrival_date=2025-02-20&departure_date=2025-02-21\",\"status\":\"200\",\"responseTime\":\"2123.163\"}","timestamp":"2025-02-20T16:57:32.324Z"}
{"level":"\u001b[32minfo\u001b[39m","message":"{\"method\":\"GET\",\"url\":\"/api/hotel-photos?hotel_id=10022548\",\"status\":\"200\",\"responseTime\":\"798.407\"}","timestamp":"2025-02-20T16:57:33.128Z"}
{"level":"\u001b[32minfo\u001b[39m","message":"{\"method\":\"OPTIONS\",\"url\":\"/api/create-checkout-session\",\"status\":\"204\",\"responseTime\":\"0.124\"}","timestamp":"2025-02-20T16:57:42.131Z"}
{"level":"\u001b[32minfo\u001b[39m","message":"{\"method\":\"POST\",\"url\":\"/api/create-checkout-session\",\"status\":\"200\",\"responseTime\":\"779.740\"}","timestamp":"2025-02-20T16:57:42.913Z"}
{"level":"\u001b[32minfo\u001b[39m","message":"{\"method\":\"OPTIONS\",\"url\":\"/api/user-login\",\"status\":\"204\",\"responseTime\":\"0.219\"}","timestamp":"2025-02-20T17:12:50.675Z"}
{"level":"\u001b[32minfo\u001b[39m","message":"{\"method\":\"POST\",\"url\":\"/api/user-login\",\"status\":\"400\",\"responseTime\":\"36.599\"}","timestamp":"2025-02-20T17:12:50.715Z"}
{"level":"\u001b[32minfo\u001b[39m","message":"{\"method\":\"OPTIONS\",\"url\":\"/api/user-login\",\"status\":\"204\",\"responseTime\":\"0.190\"}","timestamp":"2025-02-20T17:12:56.153Z"}
{"level":"\u001b[32minfo\u001b[39m","message":"{\"method\":\"POST\",\"url\":\"/api/user-login\",\"status\":\"400\",\"responseTime\":\"39.042\"}","timestamp":"2025-02-20T17:12:56.205Z"}
{"level":"\u001b[32minfo\u001b[39m","message":"{\"method\":\"OPTIONS\",\"url\":\"/api/user-login\",\"status\":\"204\",\"responseTime\":\"0.442\"}","timestamp":"2025-02-20T17:13:07.019Z"}
{"level":"\u001b[32minfo\u001b[39m","message":"{\"method\":\"POST\",\"url\":\"/api/user-login\",\"status\":\"400\",\"responseTime\":\"36.357\"}","timestamp":"2025-02-20T17:13:07.057Z"}
{"level":"\u001b[32minfo\u001b[39m","message":"{\"method\":\"OPTIONS\",\"url\":\"/api/user-login\",\"status\":\"204\",\"responseTime\":\"0.178\"}","timestamp":"2025-02-20T17:13:13.877Z"}
{"level":"\u001b[32minfo\u001b[39m","message":"{\"method\":\"POST\",\"url\":\"/api/user-login\",\"status\":\"200\",\"responseTime\":\"107.145\"}","timestamp":"2025-02-20T17:13:13.986Z"}
{"level":"\u001b[32minfo\u001b[39m","message":"{\"method\":\"OPTIONS\",\"url\":\"/api/user-login\",\"status\":\"204\",\"responseTime\":\"0.886\"}","timestamp":"2025-02-20T17:13:30.950Z"}
{"level":"\u001b[32minfo\u001b[39m","message":"{\"method\":\"POST\",\"url\":\"/api/user-login\",\"status\":\"200\",\"responseTime\":\"108.108\"}","timestamp":"2025-02-20T17:13:31.061Z"}
{"level":"\u001b[32minfo\u001b[39m","message":"{\"method\":\"OPTIONS\",\"url\":\"/api/user-login\",\"status\":\"204\",\"responseTime\":\"0.225\"}","timestamp":"2025-02-20T17:17:47.575Z"}
{"level":"\u001b[32minfo\u001b[39m","message":"{\"method\":\"POST\",\"url\":\"/api/user-login\",\"status\":\"200\",\"responseTime\":\"134.008\"}","timestamp":"2025-02-20T17:17:47.712Z"}
{"level":"\u001b[32minfo\u001b[39m","message":"{\"method\":\"OPTIONS\",\"url\":\"/api/user-login\",\"status\":\"204\",\"responseTime\":\"0.385\"}","timestamp":"2025-02-20T17:20:30.982Z"}
{"level":"\u001b[32minfo\u001b[39m","message":"{\"method\":\"OPTIONS\",\"url\":\"/api/user-login\",\"status\":\"204\",\"responseTime\":\"2.951\"}","timestamp":"2025-02-20T17:22:10.874Z"}
{"level":"\u001b[32minfo\u001b[39m","message":"{\"method\":\"POST\",\"url\":\"/api/user-login\",\"status\":\"200\",\"responseTime\":\"180.861\"}","timestamp":"2025-02-20T17:22:11.086Z"}
{"level":"\u001b[32minfo\u001b[39m","message":"{\"method\":\"OPTIONS\",\"url\":\"/api/user-login\",\"status\":\"204\",\"responseTime\":\"2.857\"}","timestamp":"2025-02-20T17:25:05.649Z"}
{"level":"\u001b[32minfo\u001b[39m","message":"{\"method\":\"POST\",\"url\":\"/api/user-login\",\"status\":\"200\",\"responseTime\":\"124.029\"}","timestamp":"2025-02-20T17:25:05.798Z"}
{"level":"\u001b[32minfo\u001b[39m","message":"{\"method\":\"OPTIONS\",\"url\":\"/api/user-login\",\"status\":\"204\",\"responseTime\":\"0.439\"}","timestamp":"2025-02-20T17:30:00.963Z"}
{"level":"\u001b[32minfo\u001b[39m","message":"{\"method\":\"POST\",\"url\":\"/api/user-login\",\"status\":\"200\",\"responseTime\":\"102.987\"}","timestamp":"2025-02-20T17:30:01.070Z"}
{"level":"\u001b[32minfo\u001b[39m","message":"{\"method\":\"OPTIONS\",\"url\":\"/api/user-login\",\"status\":\"204\",\"responseTime\":\"0.203\"}","timestamp":"2025-02-20T17:31:52.464Z"}
{"level":"\u001b[32minfo\u001b[39m","message":"{\"method\":\"POST\",\"url\":\"/api/user-login\",\"status\":\"200\",\"responseTime\":\"94.928\"}","timestamp":"2025-02-20T17:31:52.561Z"}
{"level":"\u001b[32minfo\u001b[39m","message":"{\"method\":\"OPTIONS\",\"url\":\"/api/user-login\",\"status\":\"204\",\"responseTime\":\"0.266\"}","timestamp":"2025-02-20T17:31:59.070Z"}
{"level":"\u001b[32minfo\u001b[39m","message":"{\"method\":\"POST\",\"url\":\"/api/user-login\",\"status\":\"200\",\"responseTime\":\"96.984\"}","timestamp":"2025-02-20T17:31:59.170Z"}
{"level":"\u001b[32minfo\u001b[39m","message":"{\"method\":\"OPTIONS\",\"url\":\"/api/user\",\"status\":\"204\",\"responseTime\":\"0.337\"}","timestamp":"2025-02-20T17:32:56.239Z"}
{"level":"\u001b[32minfo\u001b[39m","message":"{\"method\":\"POST\",\"url\":\"/api/user\",\"status\":\"200\",\"responseTime\":\"155.353\"}","timestamp":"2025-02-20T17:32:56.398Z"}
{"level":"\u001b[32minfo\u001b[39m","message":"{\"method\":\"OPTIONS\",\"url\":\"/api/user-login\",\"status\":\"204\",\"responseTime\":\"0.511\"}","timestamp":"2025-02-20T17:35:10.858Z"}
{"level":"\u001b[32minfo\u001b[39m","message":"{\"method\":\"POST\",\"url\":\"/api/user-login\",\"status\":\"200\",\"responseTime\":\"96.157\"}","timestamp":"2025-02-20T17:35:10.958Z"}
{"level":"\u001b[32minfo\u001b[39m","message":"{\"method\":\"OPTIONS\",\"url\":\"/api/user-login\",\"status\":\"204\",\"responseTime\":\"2.410\"}","timestamp":"2025-02-20T17:36:26.264Z"}
{"level":"\u001b[32minfo\u001b[39m","message":"{\"method\":\"POST\",\"url\":\"/api/user-login\",\"status\":\"200\",\"responseTime\":\"119.398\"}","timestamp":"2025-02-20T17:36:26.404Z"}
{"level":"\u001b[32minfo\u001b[39m","message":"{\"method\":\"OPTIONS\",\"url\":\"/api/user-login\",\"status\":\"204\",\"responseTime\":\"0.175\"}","timestamp":"2025-02-20T17:42:56.620Z"}
{"level":"\u001b[32minfo\u001b[39m","message":"{\"method\":\"POST\",\"url\":\"/api/user-login\",\"status\":\"200\",\"responseTime\":\"90.274\"}","timestamp":"2025-02-20T17:42:56.713Z"}
{"level":"\u001b[32minfo\u001b[39m","message":"{\"method\":\"OPTIONS\",\"url\":\"/api/user-login\",\"status\":\"204\",\"responseTime\":\"0.231\"}","timestamp":"2025-02-20T17:43:23.812Z"}
{"level":"\u001b[32minfo\u001b[39m","message":"{\"method\":\"POST\",\"url\":\"/api/user-login\",\"status\":\"200\",\"responseTime\":\"96.338\"}","timestamp":"2025-02-20T17:43:23.911Z"}
